[2.684s] DEBUG:colcon:Command line arguments: ['/usr/local/bin/colcon', 'build']
[2.685s] DEBUG:colcon:Parsed command line arguments: Namespace(ament_cmake_args=None, base_paths='.', build_base='build', catkin_cmake_args=None, catkin_skip_building_tests=False, cmake_args=None, cmake_clean_cache=False, cmake_clean_first=False, cmake_force_configure=False, cmake_target=None, cmake_target_skip_unavailable=False, continue_on_error=False, event_handlers=None, executor='sequential', install_base='install', log_base='log', log_level=None, main=<bound method BuildVerb.main of <colcon_core.verb.build.BuildVerb object at 0x7f9e5ec1d0>>, merge_install=False, paths=None, symlink_install=False, test_result_base=None, verb_extension=<colcon_core.verb.build.BuildVerb object at 0x7f9e5ec1d0>, verb_name='build', verb_parser=CustomArgumentParser(prog='/usr/local/bin/colcon build', usage=None, description='Build a set of packages.', formatter_class=<class 'colcon_core.command.CustomFormatter'>, conflict_handler='error', add_help=True))
[3.109s] Level 1:colcon.colcon_core.package_discovery:discover_packages(recursive) check parameters
[3.110s] Level 1:colcon.colcon_core.package_discovery:discover_packages(path) check parameters
[3.110s] Level 1:colcon.colcon_core.package_discovery:discover_packages(recursive) discover
[3.113s] INFO:colcon.colcon_core.package_discovery:Crawling recursively for packages in '/home/jetbot/simple-dino-app/robot_ws'
[3.113s] Level 1:colcon.colcon_core.package_identification:_identify(/home/jetbot/simple-dino-app/robot_ws) by extensions ['ignore', 'ignore_ament_install']
[3.114s] Level 1:colcon.colcon_core.package_identification:_identify(/home/jetbot/simple-dino-app/robot_ws) by extension 'ignore'
[3.115s] Level 1:colcon.colcon_core.package_identification:_identify(/home/jetbot/simple-dino-app/robot_ws) by extension 'ignore_ament_install'
[3.116s] Level 1:colcon.colcon_core.package_identification:_identify(/home/jetbot/simple-dino-app/robot_ws) by extensions ['ros']
[3.116s] Level 1:colcon.colcon_core.package_identification:_identify(/home/jetbot/simple-dino-app/robot_ws) by extension 'ros'
[3.208s] Level 1:colcon.colcon_core.package_identification:_identify(/home/jetbot/simple-dino-app/robot_ws) by extensions ['cmake', 'python']
[3.209s] Level 1:colcon.colcon_core.package_identification:_identify(/home/jetbot/simple-dino-app/robot_ws) by extension 'cmake'
[3.210s] Level 1:colcon.colcon_core.package_identification:_identify(/home/jetbot/simple-dino-app/robot_ws) by extension 'python'
[3.211s] Level 1:colcon.colcon_core.package_identification:_identify(/home/jetbot/simple-dino-app/robot_ws) by extensions ['python_setup_py']
[3.211s] Level 1:colcon.colcon_core.package_identification:_identify(/home/jetbot/simple-dino-app/robot_ws) by extension 'python_setup_py'
[3.212s] Level 1:colcon.colcon_core.package_identification:_identify(/home/jetbot/simple-dino-app/robot_ws/build) by extensions ['ignore', 'ignore_ament_install']
[3.213s] Level 1:colcon.colcon_core.package_identification:_identify(/home/jetbot/simple-dino-app/robot_ws/build) by extension 'ignore'
[3.213s] Level 1:colcon.colcon_core.package_identification:_identify(/home/jetbot/simple-dino-app/robot_ws/build) ignored
[3.216s] Level 1:colcon.colcon_core.package_identification:_identify(/home/jetbot/simple-dino-app/robot_ws/install) by extensions ['ignore', 'ignore_ament_install']
[3.217s] Level 1:colcon.colcon_core.package_identification:_identify(/home/jetbot/simple-dino-app/robot_ws/install) by extension 'ignore'
[3.217s] Level 1:colcon.colcon_core.package_identification:_identify(/home/jetbot/simple-dino-app/robot_ws/install) ignored
[3.218s] Level 1:colcon.colcon_core.package_identification:_identify(/home/jetbot/simple-dino-app/robot_ws/log) by extensions ['ignore', 'ignore_ament_install']
[3.219s] Level 1:colcon.colcon_core.package_identification:_identify(/home/jetbot/simple-dino-app/robot_ws/log) by extension 'ignore'
[3.219s] Level 1:colcon.colcon_core.package_identification:_identify(/home/jetbot/simple-dino-app/robot_ws/log) ignored
[3.220s] Level 1:colcon.colcon_core.package_identification:_identify(/home/jetbot/simple-dino-app/robot_ws/src) by extensions ['ignore', 'ignore_ament_install']
[3.220s] Level 1:colcon.colcon_core.package_identification:_identify(/home/jetbot/simple-dino-app/robot_ws/src) by extension 'ignore'
[3.221s] Level 1:colcon.colcon_core.package_identification:_identify(/home/jetbot/simple-dino-app/robot_ws/src) by extension 'ignore_ament_install'
[3.222s] Level 1:colcon.colcon_core.package_identification:_identify(/home/jetbot/simple-dino-app/robot_ws/src) by extensions ['ros']
[3.223s] Level 1:colcon.colcon_core.package_identification:_identify(/home/jetbot/simple-dino-app/robot_ws/src) by extension 'ros'
[3.223s] Level 1:colcon.colcon_core.package_identification:_identify(/home/jetbot/simple-dino-app/robot_ws/src) by extensions ['cmake', 'python']
[3.224s] Level 1:colcon.colcon_core.package_identification:_identify(/home/jetbot/simple-dino-app/robot_ws/src) by extension 'cmake'
[3.225s] Level 1:colcon.colcon_core.package_identification:_identify(/home/jetbot/simple-dino-app/robot_ws/src) by extension 'python'
[3.225s] Level 1:colcon.colcon_core.package_identification:_identify(/home/jetbot/simple-dino-app/robot_ws/src) by extensions ['python_setup_py']
[3.226s] Level 1:colcon.colcon_core.package_identification:_identify(/home/jetbot/simple-dino-app/robot_ws/src) by extension 'python_setup_py'
[3.227s] Level 1:colcon.colcon_core.package_identification:_identify(/home/jetbot/simple-dino-app/robot_ws/src/dinoapp) by extensions ['ignore', 'ignore_ament_install']
[3.228s] Level 1:colcon.colcon_core.package_identification:_identify(/home/jetbot/simple-dino-app/robot_ws/src/dinoapp) by extension 'ignore'
[3.229s] Level 1:colcon.colcon_core.package_identification:_identify(/home/jetbot/simple-dino-app/robot_ws/src/dinoapp) by extension 'ignore_ament_install'
[3.229s] Level 1:colcon.colcon_core.package_identification:_identify(/home/jetbot/simple-dino-app/robot_ws/src/dinoapp) by extensions ['ros']
[3.230s] Level 1:colcon.colcon_core.package_identification:_identify(/home/jetbot/simple-dino-app/robot_ws/src/dinoapp) by extension 'ros'
[3.252s] DEBUG:colcon.colcon_core.package_identification:Package '/home/jetbot/simple-dino-app/robot_ws/src/dinoapp' with type 'ros.catkin' and name 'dinoapp'
[3.253s] Level 1:colcon.colcon_core.package_discovery:discover_packages(recursive) using defaults
[3.379s] Level 5:colcon.colcon_core.verb:set package 'dinoapp' build argument 'cmake_args' from command line to 'None'
[3.379s] Level 5:colcon.colcon_core.verb:set package 'dinoapp' build argument 'cmake_target' from command line to 'None'
[3.379s] Level 5:colcon.colcon_core.verb:set package 'dinoapp' build argument 'cmake_target_skip_unavailable' from command line to 'False'
[3.380s] Level 5:colcon.colcon_core.verb:set package 'dinoapp' build argument 'cmake_clean_cache' from command line to 'False'
[3.380s] Level 5:colcon.colcon_core.verb:set package 'dinoapp' build argument 'cmake_clean_first' from command line to 'False'
[3.380s] Level 5:colcon.colcon_core.verb:set package 'dinoapp' build argument 'cmake_force_configure' from command line to 'False'
[3.380s] Level 5:colcon.colcon_core.verb:set package 'dinoapp' build argument 'ament_cmake_args' from command line to 'None'
[3.381s] Level 5:colcon.colcon_core.verb:set package 'dinoapp' build argument 'catkin_cmake_args' from command line to 'None'
[3.381s] Level 5:colcon.colcon_core.verb:set package 'dinoapp' build argument 'catkin_skip_building_tests' from command line to 'False'
[3.381s] DEBUG:colcon.colcon_core.verb:Building package 'dinoapp' with the following arguments: {'ament_cmake_args': None, 'build_base': '/home/jetbot/simple-dino-app/robot_ws/build/dinoapp', 'catkin_cmake_args': None, 'catkin_skip_building_tests': False, 'cmake_args': None, 'cmake_clean_cache': False, 'cmake_clean_first': False, 'cmake_force_configure': False, 'cmake_target': None, 'cmake_target_skip_unavailable': False, 'install_base': '/home/jetbot/simple-dino-app/robot_ws/install/dinoapp', 'merge_install': False, 'path': '/home/jetbot/simple-dino-app/robot_ws/src/dinoapp', 'symlink_install': False, 'test_result_base': None}
[3.429s] INFO:colcon.colcon_core.executor:Executing jobs using 'sequential' executor
[3.432s] DEBUG:colcon.colcon_core.executor.sequential:run_until_complete 'dinoapp'
[3.432s] INFO:colcon.colcon_ros.task.catkin.build:Building ROS package in '/home/jetbot/simple-dino-app/robot_ws/src/dinoapp' with build type 'catkin'
[3.433s] INFO:colcon.colcon_cmake.task.cmake.build:Building CMake package in '/home/jetbot/simple-dino-app/robot_ws/src/dinoapp'
[3.490s] INFO:colcon.colcon_core.plugin_system:Skipping extension 'colcon_core.shell.bat': Not used on non-Windows systems
[3.492s] DEBUG:colcon.colcon_core.shell:Skip shell extension 'dsv' for command environment
[3.549s] DEBUG:colcon.colcon_core.shell:Ignoring prefix path '/opt/ros/melodic'
[3.577s] DEBUG:colcon.colcon_core.event_handler.log_command:Invoking command in '/home/jetbot/simple-dino-app/robot_ws/build/dinoapp': /usr/bin/cmake /home/jetbot/simple-dino-app/robot_ws/src/dinoapp -DCATKIN_INSTALL_INTO_PREFIX_ROOT=0 -DCMAKE_INSTALL_PREFIX=/home/jetbot/simple-dino-app/robot_ws/install/dinoapp
[15.598s] DEBUG:colcon.colcon_core.event_handler.log_command:Invoked command in '/home/jetbot/simple-dino-app/robot_ws/build/dinoapp' returned '0': /usr/bin/cmake /home/jetbot/simple-dino-app/robot_ws/src/dinoapp -DCATKIN_INSTALL_INTO_PREFIX_ROOT=0 -DCMAKE_INSTALL_PREFIX=/home/jetbot/simple-dino-app/robot_ws/install/dinoapp
[15.599s] DEBUG:colcon.colcon_core.event_handler.log_command:Invoking command in '/home/jetbot/simple-dino-app/robot_ws/build/dinoapp': /usr/bin/cmake --build /home/jetbot/simple-dino-app/robot_ws/build/dinoapp -- -j2 -l2
[15.844s] DEBUG:colcon.colcon_core.event_handler.log_command:Invoked command in '/home/jetbot/simple-dino-app/robot_ws/build/dinoapp' returned '0': /usr/bin/cmake --build /home/jetbot/simple-dino-app/robot_ws/build/dinoapp -- -j2 -l2
[15.971s] DEBUG:colcon.colcon_core.event_handler.log_command:Invoking command in '/home/jetbot/simple-dino-app/robot_ws/build/dinoapp': /usr/bin/cmake --build /home/jetbot/simple-dino-app/robot_ws/build/dinoapp --target tests -- -j2 -l2
[16.400s] DEBUG:colcon.colcon_core.event_handler.log_command:Invoked command in '/home/jetbot/simple-dino-app/robot_ws/build/dinoapp' returned '0': /usr/bin/cmake --build /home/jetbot/simple-dino-app/robot_ws/build/dinoapp --target tests -- -j2 -l2
[16.545s] DEBUG:colcon.colcon_core.event_handler.log_command:Invoking command in '/home/jetbot/simple-dino-app/robot_ws/build/dinoapp': /usr/bin/cmake --build /home/jetbot/simple-dino-app/robot_ws/build/dinoapp --target install -- -j2 -l2
[17.163s] Level 1:colcon.colcon_core.shell:create_environment_hook('dinoapp', 'ros_package_path')
[17.170s] DEBUG:colcon.colcon_core.event_handler.log_command:Invoked command in '/home/jetbot/simple-dino-app/robot_ws/build/dinoapp' returned '2': /usr/bin/cmake --build /home/jetbot/simple-dino-app/robot_ws/build/dinoapp --target install -- -j2 -l2
[17.207s] INFO:colcon.colcon_core.shell:Creating environment descriptor '/home/jetbot/simple-dino-app/robot_ws/install/dinoapp/share/dinoapp/hook/ros_package_path.dsv'
[17.211s] INFO:colcon.colcon_core.shell:Creating environment hook '/home/jetbot/simple-dino-app/robot_ws/install/dinoapp/share/dinoapp/hook/ros_package_path.sh'
[17.217s] Level 1:colcon.colcon_ros.task.catkin:checking '/home/jetbot/simple-dino-app/robot_ws/install/dinoapp/lib/python2.7/dist-packages'
[17.218s] Level 1:colcon.colcon_core.shell:create_environment_hook('dinoapp', 'python2path')
[17.258s] INFO:colcon.colcon_core.shell:Creating environment descriptor '/home/jetbot/simple-dino-app/robot_ws/install/dinoapp/share/dinoapp/hook/python2path.dsv'
[17.260s] INFO:colcon.colcon_core.shell:Creating environment hook '/home/jetbot/simple-dino-app/robot_ws/install/dinoapp/share/dinoapp/hook/python2path.sh'
[17.263s] Level 1:colcon.colcon_ros.task.catkin:checking '/home/jetbot/simple-dino-app/robot_ws/install/dinoapp/lib/python2.7/site-packages'
[17.263s] Level 1:colcon.colcon_core.shell:create_environment_hook('dinoapp', 'pkg_config_path')
[17.304s] INFO:colcon.colcon_core.shell:Creating environment descriptor '/home/jetbot/simple-dino-app/robot_ws/install/dinoapp/share/dinoapp/hook/pkg_config_path.dsv'
[17.307s] INFO:colcon.colcon_core.shell:Creating environment hook '/home/jetbot/simple-dino-app/robot_ws/install/dinoapp/share/dinoapp/hook/pkg_config_path.sh'
[17.321s] Level 1:colcon.colcon_core.shell:create_environment_hook('dinoapp', 'pkg_config_path_multiarch')
[17.360s] INFO:colcon.colcon_core.shell:Creating environment descriptor '/home/jetbot/simple-dino-app/robot_ws/install/dinoapp/share/dinoapp/hook/pkg_config_path_multiarch.dsv'
[17.362s] INFO:colcon.colcon_core.shell:Creating environment hook '/home/jetbot/simple-dino-app/robot_ws/install/dinoapp/share/dinoapp/hook/pkg_config_path_multiarch.sh'
[17.415s] Level 1:colcon.colcon_core.environment:create_environment_scripts_only(dinoapp)
[17.509s] Level 1:colcon.colcon_core.environment:checking '/home/jetbot/simple-dino-app/robot_ws/install/dinoapp' for CMake module files
[17.513s] Level 1:colcon.colcon_core.environment:checking '/home/jetbot/simple-dino-app/robot_ws/install/dinoapp' for CMake config files
[17.518s] Level 1:colcon.colcon_core.environment:checking '/home/jetbot/simple-dino-app/robot_ws/install/dinoapp/lib'
[17.520s] Level 1:colcon.colcon_core.environment:checking '/home/jetbot/simple-dino-app/robot_ws/install/dinoapp/bin'
[17.520s] Level 1:colcon.colcon_core.environment:checking '/home/jetbot/simple-dino-app/robot_ws/install/dinoapp/lib/pkgconfig/dinoapp.pc'
[17.521s] Level 1:colcon.colcon_core.environment:checking '/home/jetbot/simple-dino-app/robot_ws/install/dinoapp/lib/python3.6/site-packages'
[17.574s] INFO:colcon.colcon_core.shell:Creating package descriptor '/home/jetbot/simple-dino-app/robot_ws/install/dinoapp/share/dinoapp/package.dsv'
[17.579s] INFO:colcon.colcon_core.shell:Creating package script '/home/jetbot/simple-dino-app/robot_ws/install/dinoapp/share/dinoapp/package.sh'
[17.591s] Level 1:colcon.colcon_core.environment:create_file_with_runtime_dependencies(/home/jetbot/simple-dino-app/robot_ws/install/dinoapp/share/colcon-core/packages/dinoapp)
[17.594s] DEBUG:colcon.colcon_core.executor.sequential:run_until_complete 'dinoapp' finished with '2'
[17.594s] DEBUG:colcon.colcon_core.executor.sequential:closing loop
[17.596s] DEBUG:colcon.colcon_core.executor.sequential:loop closed
[17.599s] DEBUG:colcon.colcon_core.event_reactor:joining thread
[17.599s] DEBUG:colcon.colcon_core.event_reactor:joined thread
[17.637s] INFO:colcon.colcon_core.shell:Creating prefix script '/home/jetbot/simple-dino-app/robot_ws/install/local_setup.sh'
[17.642s] INFO:colcon.colcon_core.shell:Creating prefix util module '/home/jetbot/simple-dino-app/robot_ws/install/_local_setup_util_sh.py'
[17.654s] INFO:colcon.colcon_core.shell:Creating prefix chain script '/home/jetbot/simple-dino-app/robot_ws/install/setup.sh'
