Determining if the pthread_create exist failed with the following output:
Change Dir: /home/jetbot/simple-dino-app/robot_ws/build/dinoapp/CMakeFiles/CMakeTmp

Run Build Command:"/usr/bin/make" "cmTC_fc5ba/fast"
/usr/bin/make -f CMakeFiles/cmTC_fc5ba.dir/build.make CMakeFiles/cmTC_fc5ba.dir/build
make[1]: Entering directory '/home/jetbot/simple-dino-app/robot_ws/build/dinoapp/CMakeFiles/CMakeTmp'
Building C object CMakeFiles/cmTC_fc5ba.dir/CheckSymbolExists.c.o
/usr/bin/cc    -o CMakeFiles/cmTC_fc5ba.dir/CheckSymbolExists.c.o   -c /home/jetbot/simple-dino-app/robot_ws/build/dinoapp/CMakeFiles/CMakeTmp/CheckSymbolExists.c
Linking C executable cmTC_fc5ba
/usr/bin/cmake -E cmake_link_script CMakeFiles/cmTC_fc5ba.dir/link.txt --verbose=1
/usr/bin/cc      -rdynamic CMakeFiles/cmTC_fc5ba.dir/CheckSymbolExists.c.o  -o cmTC_fc5ba 
CMakeFiles/cmTC_fc5ba.dir/CheckSymbolExists.c.o: In function `main':
CheckSymbolExists.c:(.text+0x14): undefined reference to `pthread_create'
CheckSymbolExists.c:(.text+0x18): undefined reference to `pthread_create'
collect2: error: ld returned 1 exit status
CMakeFiles/cmTC_fc5ba.dir/build.make:97: recipe for target 'cmTC_fc5ba' failed
make[1]: *** [cmTC_fc5ba] Error 1
make[1]: Leaving directory '/home/jetbot/simple-dino-app/robot_ws/build/dinoapp/CMakeFiles/CMakeTmp'
Makefile:126: recipe for target 'cmTC_fc5ba/fast' failed
make: *** [cmTC_fc5ba/fast] Error 2

File /home/jetbot/simple-dino-app/robot_ws/build/dinoapp/CMakeFiles/CMakeTmp/CheckSymbolExists.c:
/* */
#include <pthread.h>

int main(int argc, char** argv)
{
  (void)argv;
#ifndef pthread_create
  return ((int*)(&pthread_create))[argc];
#else
  (void)argc;
  return 0;
#endif
}

Determining if the function pthread_create exists in the pthreads failed with the following output:
Change Dir: /home/jetbot/simple-dino-app/robot_ws/build/dinoapp/CMakeFiles/CMakeTmp

Run Build Command:"/usr/bin/make" "cmTC_584bc/fast"
/usr/bin/make -f CMakeFiles/cmTC_584bc.dir/build.make CMakeFiles/cmTC_584bc.dir/build
make[1]: Entering directory '/home/jetbot/simple-dino-app/robot_ws/build/dinoapp/CMakeFiles/CMakeTmp'
Building C object CMakeFiles/cmTC_584bc.dir/CheckFunctionExists.c.o
/usr/bin/cc   -DCHECK_FUNCTION_EXISTS=pthread_create   -o CMakeFiles/cmTC_584bc.dir/CheckFunctionExists.c.o   -c /usr/share/cmake-3.10/Modules/CheckFunctionExists.c
Linking C executable cmTC_584bc
/usr/bin/cmake -E cmake_link_script CMakeFiles/cmTC_584bc.dir/link.txt --verbose=1
/usr/bin/cc  -DCHECK_FUNCTION_EXISTS=pthread_create    -rdynamic CMakeFiles/cmTC_584bc.dir/CheckFunctionExists.c.o  -o cmTC_584bc -lpthreads 
/usr/bin/ld: cannot find -lpthreads
collect2: error: ld returned 1 exit status
CMakeFiles/cmTC_584bc.dir/build.make:97: recipe for target 'cmTC_584bc' failed
make[1]: *** [cmTC_584bc] Error 1
make[1]: Leaving directory '/home/jetbot/simple-dino-app/robot_ws/build/dinoapp/CMakeFiles/CMakeTmp'
Makefile:126: recipe for target 'cmTC_584bc/fast' failed
make: *** [cmTC_584bc/fast] Error 2


