[2.740s] DEBUG:colcon:Command line arguments: ['/usr/local/bin/colcon', 'build']
[2.741s] DEBUG:colcon:Parsed command line arguments: Namespace(ament_cmake_args=None, base_paths='.', build_base='build', catkin_cmake_args=None, catkin_skip_building_tests=False, cmake_args=None, cmake_clean_cache=False, cmake_clean_first=False, cmake_force_configure=False, cmake_target=None, cmake_target_skip_unavailable=False, continue_on_error=False, event_handlers=None, executor='sequential', install_base='install', log_base='log', log_level=None, main=<bound method BuildVerb.main of <colcon_core.verb.build.BuildVerb object at 0x7f99ebc208>>, merge_install=False, paths=None, symlink_install=False, test_result_base=None, verb_extension=<colcon_core.verb.build.BuildVerb object at 0x7f99ebc208>, verb_name='build', verb_parser=CustomArgumentParser(prog='/usr/local/bin/colcon build', usage=None, description='Build a set of packages.', formatter_class=<class 'colcon_core.command.CustomFormatter'>, conflict_handler='error', add_help=True))
[3.187s] Level 1:colcon.colcon_core.package_discovery:discover_packages(recursive) check parameters
[3.187s] Level 1:colcon.colcon_core.package_discovery:discover_packages(path) check parameters
[3.188s] Level 1:colcon.colcon_core.package_discovery:discover_packages(recursive) discover
[3.190s] INFO:colcon.colcon_core.package_discovery:Crawling recursively for packages in '/home/jetbot/simple-dino-app/robot_ws'
[3.191s] Level 1:colcon.colcon_core.package_identification:_identify(/home/jetbot/simple-dino-app/robot_ws) by extensions ['ignore', 'ignore_ament_install']
[3.192s] Level 1:colcon.colcon_core.package_identification:_identify(/home/jetbot/simple-dino-app/robot_ws) by extension 'ignore'
[3.193s] Level 1:colcon.colcon_core.package_identification:_identify(/home/jetbot/simple-dino-app/robot_ws) by extension 'ignore_ament_install'
[3.193s] Level 1:colcon.colcon_core.package_identification:_identify(/home/jetbot/simple-dino-app/robot_ws) by extensions ['ros']
[3.194s] Level 1:colcon.colcon_core.package_identification:_identify(/home/jetbot/simple-dino-app/robot_ws) by extension 'ros'
[3.289s] Level 1:colcon.colcon_core.package_identification:_identify(/home/jetbot/simple-dino-app/robot_ws) by extensions ['cmake', 'python']
[3.290s] Level 1:colcon.colcon_core.package_identification:_identify(/home/jetbot/simple-dino-app/robot_ws) by extension 'cmake'
[3.291s] Level 1:colcon.colcon_core.package_identification:_identify(/home/jetbot/simple-dino-app/robot_ws) by extension 'python'
[3.291s] Level 1:colcon.colcon_core.package_identification:_identify(/home/jetbot/simple-dino-app/robot_ws) by extensions ['python_setup_py']
[3.292s] Level 1:colcon.colcon_core.package_identification:_identify(/home/jetbot/simple-dino-app/robot_ws) by extension 'python_setup_py'
[3.293s] Level 1:colcon.colcon_core.package_identification:_identify(/home/jetbot/simple-dino-app/robot_ws/build) by extensions ['ignore', 'ignore_ament_install']
[3.294s] Level 1:colcon.colcon_core.package_identification:_identify(/home/jetbot/simple-dino-app/robot_ws/build) by extension 'ignore'
[3.294s] Level 1:colcon.colcon_core.package_identification:_identify(/home/jetbot/simple-dino-app/robot_ws/build) ignored
[3.297s] Level 1:colcon.colcon_core.package_identification:_identify(/home/jetbot/simple-dino-app/robot_ws/install) by extensions ['ignore', 'ignore_ament_install']
[3.297s] Level 1:colcon.colcon_core.package_identification:_identify(/home/jetbot/simple-dino-app/robot_ws/install) by extension 'ignore'
[3.298s] Level 1:colcon.colcon_core.package_identification:_identify(/home/jetbot/simple-dino-app/robot_ws/install) ignored
[3.299s] Level 1:colcon.colcon_core.package_identification:_identify(/home/jetbot/simple-dino-app/robot_ws/log) by extensions ['ignore', 'ignore_ament_install']
[3.299s] Level 1:colcon.colcon_core.package_identification:_identify(/home/jetbot/simple-dino-app/robot_ws/log) by extension 'ignore'
[3.300s] Level 1:colcon.colcon_core.package_identification:_identify(/home/jetbot/simple-dino-app/robot_ws/log) ignored
[3.300s] Level 1:colcon.colcon_core.package_identification:_identify(/home/jetbot/simple-dino-app/robot_ws/src) by extensions ['ignore', 'ignore_ament_install']
[3.301s] Level 1:colcon.colcon_core.package_identification:_identify(/home/jetbot/simple-dino-app/robot_ws/src) by extension 'ignore'
[3.302s] Level 1:colcon.colcon_core.package_identification:_identify(/home/jetbot/simple-dino-app/robot_ws/src) by extension 'ignore_ament_install'
[3.303s] Level 1:colcon.colcon_core.package_identification:_identify(/home/jetbot/simple-dino-app/robot_ws/src) by extensions ['ros']
[3.303s] Level 1:colcon.colcon_core.package_identification:_identify(/home/jetbot/simple-dino-app/robot_ws/src) by extension 'ros'
[3.304s] Level 1:colcon.colcon_core.package_identification:_identify(/home/jetbot/simple-dino-app/robot_ws/src) by extensions ['cmake', 'python']
[3.305s] Level 1:colcon.colcon_core.package_identification:_identify(/home/jetbot/simple-dino-app/robot_ws/src) by extension 'cmake'
[3.306s] Level 1:colcon.colcon_core.package_identification:_identify(/home/jetbot/simple-dino-app/robot_ws/src) by extension 'python'
[3.306s] Level 1:colcon.colcon_core.package_identification:_identify(/home/jetbot/simple-dino-app/robot_ws/src) by extensions ['python_setup_py']
[3.307s] Level 1:colcon.colcon_core.package_identification:_identify(/home/jetbot/simple-dino-app/robot_ws/src) by extension 'python_setup_py'
[3.308s] Level 1:colcon.colcon_core.package_identification:_identify(/home/jetbot/simple-dino-app/robot_ws/src/dinoapp) by extensions ['ignore', 'ignore_ament_install']
[3.308s] Level 1:colcon.colcon_core.package_identification:_identify(/home/jetbot/simple-dino-app/robot_ws/src/dinoapp) by extension 'ignore'
[3.309s] Level 1:colcon.colcon_core.package_identification:_identify(/home/jetbot/simple-dino-app/robot_ws/src/dinoapp) by extension 'ignore_ament_install'
[3.310s] Level 1:colcon.colcon_core.package_identification:_identify(/home/jetbot/simple-dino-app/robot_ws/src/dinoapp) by extensions ['ros']
[3.310s] Level 1:colcon.colcon_core.package_identification:_identify(/home/jetbot/simple-dino-app/robot_ws/src/dinoapp) by extension 'ros'
[3.327s] DEBUG:colcon.colcon_core.package_identification:Package '/home/jetbot/simple-dino-app/robot_ws/src/dinoapp' with type 'ros.catkin' and name 'dinoapp'
[3.328s] Level 1:colcon.colcon_core.package_discovery:discover_packages(recursive) using defaults
[3.457s] Level 5:colcon.colcon_core.verb:set package 'dinoapp' build argument 'cmake_args' from command line to 'None'
[3.457s] Level 5:colcon.colcon_core.verb:set package 'dinoapp' build argument 'cmake_target' from command line to 'None'
[3.458s] Level 5:colcon.colcon_core.verb:set package 'dinoapp' build argument 'cmake_target_skip_unavailable' from command line to 'False'
[3.458s] Level 5:colcon.colcon_core.verb:set package 'dinoapp' build argument 'cmake_clean_cache' from command line to 'False'
[3.458s] Level 5:colcon.colcon_core.verb:set package 'dinoapp' build argument 'cmake_clean_first' from command line to 'False'
[3.459s] Level 5:colcon.colcon_core.verb:set package 'dinoapp' build argument 'cmake_force_configure' from command line to 'False'
[3.459s] Level 5:colcon.colcon_core.verb:set package 'dinoapp' build argument 'ament_cmake_args' from command line to 'None'
[3.459s] Level 5:colcon.colcon_core.verb:set package 'dinoapp' build argument 'catkin_cmake_args' from command line to 'None'
[3.459s] Level 5:colcon.colcon_core.verb:set package 'dinoapp' build argument 'catkin_skip_building_tests' from command line to 'False'
[3.460s] DEBUG:colcon.colcon_core.verb:Building package 'dinoapp' with the following arguments: {'ament_cmake_args': None, 'build_base': '/home/jetbot/simple-dino-app/robot_ws/build/dinoapp', 'catkin_cmake_args': None, 'catkin_skip_building_tests': False, 'cmake_args': None, 'cmake_clean_cache': False, 'cmake_clean_first': False, 'cmake_force_configure': False, 'cmake_target': None, 'cmake_target_skip_unavailable': False, 'install_base': '/home/jetbot/simple-dino-app/robot_ws/install/dinoapp', 'merge_install': False, 'path': '/home/jetbot/simple-dino-app/robot_ws/src/dinoapp', 'symlink_install': False, 'test_result_base': None}
[3.510s] INFO:colcon.colcon_core.executor:Executing jobs using 'sequential' executor
[3.513s] DEBUG:colcon.colcon_core.executor.sequential:run_until_complete 'dinoapp'
[3.513s] INFO:colcon.colcon_ros.task.catkin.build:Building ROS package in '/home/jetbot/simple-dino-app/robot_ws/src/dinoapp' with build type 'catkin'
[3.514s] INFO:colcon.colcon_cmake.task.cmake.build:Building CMake package in '/home/jetbot/simple-dino-app/robot_ws/src/dinoapp'
[3.573s] INFO:colcon.colcon_core.plugin_system:Skipping extension 'colcon_core.shell.bat': Not used on non-Windows systems
[3.575s] DEBUG:colcon.colcon_core.shell:Skip shell extension 'dsv' for command environment
[3.633s] DEBUG:colcon.colcon_core.shell:Ignoring prefix path '/opt/ros/melodic'
[3.670s] DEBUG:colcon.colcon_core.event_handler.log_command:Invoking command in '/home/jetbot/simple-dino-app/robot_ws/build/dinoapp': /usr/bin/cmake --build /home/jetbot/simple-dino-app/robot_ws/build/dinoapp -- -j2 -l2
[3.898s] DEBUG:colcon.colcon_core.event_handler.log_command:Invoked command in '/home/jetbot/simple-dino-app/robot_ws/build/dinoapp' returned '0': /usr/bin/cmake --build /home/jetbot/simple-dino-app/robot_ws/build/dinoapp -- -j2 -l2
[4.030s] DEBUG:colcon.colcon_core.event_handler.log_command:Invoking command in '/home/jetbot/simple-dino-app/robot_ws/build/dinoapp': /usr/bin/cmake --build /home/jetbot/simple-dino-app/robot_ws/build/dinoapp --target tests -- -j2 -l2
[4.418s] DEBUG:colcon.colcon_core.event_handler.log_command:Invoked command in '/home/jetbot/simple-dino-app/robot_ws/build/dinoapp' returned '0': /usr/bin/cmake --build /home/jetbot/simple-dino-app/robot_ws/build/dinoapp --target tests -- -j2 -l2
[4.554s] DEBUG:colcon.colcon_core.event_handler.log_command:Invoking command in '/home/jetbot/simple-dino-app/robot_ws/build/dinoapp': /usr/bin/cmake --build /home/jetbot/simple-dino-app/robot_ws/build/dinoapp --target install -- -j2 -l2
[5.190s] Level 1:colcon.colcon_core.shell:create_environment_hook('dinoapp', 'ros_package_path')
[5.192s] DEBUG:colcon.colcon_core.event_handler.log_command:Invoked command in '/home/jetbot/simple-dino-app/robot_ws/build/dinoapp' returned '2': /usr/bin/cmake --build /home/jetbot/simple-dino-app/robot_ws/build/dinoapp --target install -- -j2 -l2
[5.238s] INFO:colcon.colcon_core.shell:Creating environment descriptor '/home/jetbot/simple-dino-app/robot_ws/install/dinoapp/share/dinoapp/hook/ros_package_path.dsv'
[5.244s] INFO:colcon.colcon_core.shell:Creating environment hook '/home/jetbot/simple-dino-app/robot_ws/install/dinoapp/share/dinoapp/hook/ros_package_path.sh'
[5.250s] Level 1:colcon.colcon_ros.task.catkin:checking '/home/jetbot/simple-dino-app/robot_ws/install/dinoapp/lib/python2.7/dist-packages'
[5.251s] Level 1:colcon.colcon_core.shell:create_environment_hook('dinoapp', 'python2path')
[5.293s] INFO:colcon.colcon_core.shell:Creating environment descriptor '/home/jetbot/simple-dino-app/robot_ws/install/dinoapp/share/dinoapp/hook/python2path.dsv'
[5.296s] INFO:colcon.colcon_core.shell:Creating environment hook '/home/jetbot/simple-dino-app/robot_ws/install/dinoapp/share/dinoapp/hook/python2path.sh'
[5.299s] Level 1:colcon.colcon_ros.task.catkin:checking '/home/jetbot/simple-dino-app/robot_ws/install/dinoapp/lib/python2.7/site-packages'
[5.300s] Level 1:colcon.colcon_core.shell:create_environment_hook('dinoapp', 'pkg_config_path')
[5.344s] INFO:colcon.colcon_core.shell:Creating environment descriptor '/home/jetbot/simple-dino-app/robot_ws/install/dinoapp/share/dinoapp/hook/pkg_config_path.dsv'
[5.348s] INFO:colcon.colcon_core.shell:Creating environment hook '/home/jetbot/simple-dino-app/robot_ws/install/dinoapp/share/dinoapp/hook/pkg_config_path.sh'
[5.363s] Level 1:colcon.colcon_core.shell:create_environment_hook('dinoapp', 'pkg_config_path_multiarch')
[5.402s] INFO:colcon.colcon_core.shell:Creating environment descriptor '/home/jetbot/simple-dino-app/robot_ws/install/dinoapp/share/dinoapp/hook/pkg_config_path_multiarch.dsv'
[5.405s] INFO:colcon.colcon_core.shell:Creating environment hook '/home/jetbot/simple-dino-app/robot_ws/install/dinoapp/share/dinoapp/hook/pkg_config_path_multiarch.sh'
[5.448s] Level 1:colcon.colcon_core.environment:create_environment_scripts_only(dinoapp)
[5.545s] Level 1:colcon.colcon_core.environment:checking '/home/jetbot/simple-dino-app/robot_ws/install/dinoapp' for CMake module files
[5.550s] Level 1:colcon.colcon_core.environment:checking '/home/jetbot/simple-dino-app/robot_ws/install/dinoapp' for CMake config files
[5.551s] Level 1:colcon.colcon_core.shell:create_environment_hook('dinoapp', 'cmake_prefix_path')
[5.589s] INFO:colcon.colcon_core.shell:Creating environment descriptor '/home/jetbot/simple-dino-app/robot_ws/install/dinoapp/share/dinoapp/hook/cmake_prefix_path.dsv'
[5.591s] INFO:colcon.colcon_core.shell:Creating environment hook '/home/jetbot/simple-dino-app/robot_ws/install/dinoapp/share/dinoapp/hook/cmake_prefix_path.sh'
[5.597s] Level 1:colcon.colcon_core.environment:checking '/home/jetbot/simple-dino-app/robot_ws/install/dinoapp/lib'
[5.598s] Level 1:colcon.colcon_core.environment:checking '/home/jetbot/simple-dino-app/robot_ws/install/dinoapp/bin'
[5.599s] Level 1:colcon.colcon_core.environment:checking '/home/jetbot/simple-dino-app/robot_ws/install/dinoapp/lib/pkgconfig/dinoapp.pc'
[5.599s] Level 1:colcon.colcon_core.shell:create_environment_hook('dinoapp', 'pkg_config')
[5.636s] INFO:colcon.colcon_core.shell:Creating environment descriptor '/home/jetbot/simple-dino-app/robot_ws/install/dinoapp/share/dinoapp/hook/pkg_config.dsv'
[5.639s] INFO:colcon.colcon_core.shell:Creating environment hook '/home/jetbot/simple-dino-app/robot_ws/install/dinoapp/share/dinoapp/hook/pkg_config.sh'
[5.641s] Level 1:colcon.colcon_core.environment:checking '/home/jetbot/simple-dino-app/robot_ws/install/dinoapp/lib/python3.6/site-packages'
[5.680s] INFO:colcon.colcon_core.shell:Creating package descriptor '/home/jetbot/simple-dino-app/robot_ws/install/dinoapp/share/dinoapp/package.dsv'
[5.687s] INFO:colcon.colcon_core.shell:Creating package script '/home/jetbot/simple-dino-app/robot_ws/install/dinoapp/share/dinoapp/package.sh'
[5.695s] Level 1:colcon.colcon_core.environment:create_file_with_runtime_dependencies(/home/jetbot/simple-dino-app/robot_ws/install/dinoapp/share/colcon-core/packages/dinoapp)
[5.698s] DEBUG:colcon.colcon_core.executor.sequential:run_until_complete 'dinoapp' finished with '2'
[5.699s] DEBUG:colcon.colcon_core.executor.sequential:closing loop
[5.702s] DEBUG:colcon.colcon_core.executor.sequential:loop closed
[5.703s] DEBUG:colcon.colcon_core.event_reactor:joining thread
[5.703s] DEBUG:colcon.colcon_core.event_reactor:joined thread
[5.741s] INFO:colcon.colcon_core.shell:Creating prefix script '/home/jetbot/simple-dino-app/robot_ws/install/local_setup.sh'
[5.746s] INFO:colcon.colcon_core.shell:Creating prefix util module '/home/jetbot/simple-dino-app/robot_ws/install/_local_setup_util_sh.py'
[5.758s] INFO:colcon.colcon_core.shell:Creating prefix chain script '/home/jetbot/simple-dino-app/robot_ws/install/setup.sh'
